<?xml version="1.0" encoding="UTF-8" ?>
<testsuite tests="4" failures="0" name="com.shopify.test.ProductDaoTest" time="0.004" errors="0" skipped="4">
  <properties>
[...]
</properties>
  <testcase classname="com.shopify.test.ProductDaoTest" name="deleteProductTest" time="0">
    <skipped/>
  </testcase>
  <testcase classname="com.shopify.test.ProductDaoTest" name="retrieveProductsTest" time="0.001">
    <skipped/>
  </testcase>
  <testcase classname="com.shopify.test.ProductDaoTest" name="addProductTest" time="0.001">
    <skipped/>
  </testcase>
  <testcase classname="com.shopify.test.ProductDaoTest" name="updateProductTest" time="0.002">
    <skipped/>
  </testcase>
</testsuite>